生成启动时间为 2020/6/7 12:01:34。
     1>项目“D:\c study\c项目\学生管理系统\学生管理系统\学生管理系统.vcxproj”在节点 2 上(Rebuild 个目标)。
     1>ClCompile:
         D:\vs2015\VC\bin\CL.exe /c /Zi /nologo /W3 /WX- /sdl- /O2 /Oi /Oy- /GL /D WIN32 /D NDEBUG /D _CONSOLE /D _UNICODE /D UNICODE /Gm- /EHsc /MDd /GS /Gy /fp:precise /Zc:wchar_t /Zc:forScope /Zc:inline /Fo"Release\\" /Fd"Release\vc140.pdb" /Gd /TP /analyze- /errorReport:prompt Hull.cpp
         Hull.cpp
     1>d:\c study\c项目\学生管理系统\学生管理系统\Student.h(60): warning C4996: 'strcat': This function or variable may be unsafe. Consider using strcat_s instead. To disable deprecation, use _CRT_SECURE_NO_WARNINGS. See online help for details.
         C:\Program Files (x86)\Windows Kits\10\Include\10.0.10150.0\ucrt\string.h(90): note: 参见“strcat”的声明
     1>d:\c study\c项目\学生管理系统\学生管理系统\Student.h(61): warning C4996: 'strcat': This function or variable may be unsafe. Consider using strcat_s instead. To disable deprecation, use _CRT_SECURE_NO_WARNINGS. See online help for details.
         C:\Program Files (x86)\Windows Kits\10\Include\10.0.10150.0\ucrt\string.h(90): note: 参见“strcat”的声明
     1>d:\c study\c项目\学生管理系统\学生管理系统\Student.h(62): warning C4996: 'strcat': This function or variable may be unsafe. Consider using strcat_s instead. To disable deprecation, use _CRT_SECURE_NO_WARNINGS. See online help for details.
         C:\Program Files (x86)\Windows Kits\10\Include\10.0.10150.0\ucrt\string.h(90): note: 参见“strcat”的声明
     1>d:\c study\c项目\学生管理系统\学生管理系统\Student.h(63): warning C4996: 'strcat': This function or variable may be unsafe. Consider using strcat_s instead. To disable deprecation, use _CRT_SECURE_NO_WARNINGS. See online help for details.
         C:\Program Files (x86)\Windows Kits\10\Include\10.0.10150.0\ucrt\string.h(90): note: 参见“strcat”的声明
     1>d:\c study\c项目\学生管理系统\学生管理系统\Student.h(64): warning C4996: 'strcat': This function or variable may be unsafe. Consider using strcat_s instead. To disable deprecation, use _CRT_SECURE_NO_WARNINGS. See online help for details.
         C:\Program Files (x86)\Windows Kits\10\Include\10.0.10150.0\ucrt\string.h(90): note: 参见“strcat”的声明
     1>d:\c study\c项目\学生管理系统\学生管理系统\Student.h(65): warning C4996: 'strcat': This function or variable may be unsafe. Consider using strcat_s instead. To disable deprecation, use _CRT_SECURE_NO_WARNINGS. See online help for details.
         C:\Program Files (x86)\Windows Kits\10\Include\10.0.10150.0\ucrt\string.h(90): note: 参见“strcat”的声明
     1>d:\c study\c项目\学生管理系统\学生管理系统\Student.h(66): warning C4996: 'strcat': This function or variable may be unsafe. Consider using strcat_s instead. To disable deprecation, use _CRT_SECURE_NO_WARNINGS. See online help for details.
         C:\Program Files (x86)\Windows Kits\10\Include\10.0.10150.0\ucrt\string.h(90): note: 参见“strcat”的声明
     1>d:\c study\c项目\学生管理系统\学生管理系统\Student.h(67): warning C4996: 'strcat': This function or variable may be unsafe. Consider using strcat_s instead. To disable deprecation, use _CRT_SECURE_NO_WARNINGS. See online help for details.
         C:\Program Files (x86)\Windows Kits\10\Include\10.0.10150.0\ucrt\string.h(90): note: 参见“strcat”的声明
     1>d:\c study\c项目\学生管理系统\学生管理系统\Student.h(68): warning C4996: 'strcat': This function or variable may be unsafe. Consider using strcat_s instead. To disable deprecation, use _CRT_SECURE_NO_WARNINGS. See online help for details.
         C:\Program Files (x86)\Windows Kits\10\Include\10.0.10150.0\ucrt\string.h(90): note: 参见“strcat”的声明
     1>d:\c study\c项目\学生管理系统\学生管理系统\Student.h(69): warning C4996: 'strcat': This function or variable may be unsafe. Consider using strcat_s instead. To disable deprecation, use _CRT_SECURE_NO_WARNINGS. See online help for details.
         C:\Program Files (x86)\Windows Kits\10\Include\10.0.10150.0\ucrt\string.h(90): note: 参见“strcat”的声明
     1>d:\c study\c项目\学生管理系统\学生管理系统\Student.h(70): warning C4996: 'strcat': This function or variable may be unsafe. Consider using strcat_s instead. To disable deprecation, use _CRT_SECURE_NO_WARNINGS. See online help for details.
         C:\Program Files (x86)\Windows Kits\10\Include\10.0.10150.0\ucrt\string.h(90): note: 参见“strcat”的声明
     1>d:\c study\c项目\学生管理系统\学生管理系统\Student.h(71): warning C4996: 'strcat': This function or variable may be unsafe. Consider using strcat_s instead. To disable deprecation, use _CRT_SECURE_NO_WARNINGS. See online help for details.
         C:\Program Files (x86)\Windows Kits\10\Include\10.0.10150.0\ucrt\string.h(90): note: 参见“strcat”的声明
     1>d:\c study\c项目\学生管理系统\学生管理系统\Student.h(72): warning C4996: 'strcat': This function or variable may be unsafe. Consider using strcat_s instead. To disable deprecation, use _CRT_SECURE_NO_WARNINGS. See online help for details.
         C:\Program Files (x86)\Windows Kits\10\Include\10.0.10150.0\ucrt\string.h(90): note: 参见“strcat”的声明
     1>d:\c study\c项目\学生管理系统\学生管理系统\Student.h(73): warning C4996: 'strcat': This function or variable may be unsafe. Consider using strcat_s instead. To disable deprecation, use _CRT_SECURE_NO_WARNINGS. See online help for details.
         C:\Program Files (x86)\Windows Kits\10\Include\10.0.10150.0\ucrt\string.h(90): note: 参见“strcat”的声明
     1>d:\c study\c项目\学生管理系统\学生管理系统\Student.h(74): warning C4996: 'strcat': This function or variable may be unsafe. Consider using strcat_s instead. To disable deprecation, use _CRT_SECURE_NO_WARNINGS. See online help for details.
         C:\Program Files (x86)\Windows Kits\10\Include\10.0.10150.0\ucrt\string.h(90): note: 参见“strcat”的声明
     1>d:\c study\c项目\学生管理系统\学生管理系统\Student.h(75): warning C4996: 'strcat': This function or variable may be unsafe. Consider using strcat_s instead. To disable deprecation, use _CRT_SECURE_NO_WARNINGS. See online help for details.
         C:\Program Files (x86)\Windows Kits\10\Include\10.0.10150.0\ucrt\string.h(90): note: 参见“strcat”的声明
     1>d:\c study\c项目\学生管理系统\学生管理系统\Student.h(76): warning C4996: 'strcat': This function or variable may be unsafe. Consider using strcat_s instead. To disable deprecation, use _CRT_SECURE_NO_WARNINGS. See online help for details.
         C:\Program Files (x86)\Windows Kits\10\Include\10.0.10150.0\ucrt\string.h(90): note: 参见“strcat”的声明
     1>d:\c study\c项目\学生管理系统\学生管理系统\Student.h(77): warning C4996: 'strcat': This function or variable may be unsafe. Consider using strcat_s instead. To disable deprecation, use _CRT_SECURE_NO_WARNINGS. See online help for details.
         C:\Program Files (x86)\Windows Kits\10\Include\10.0.10150.0\ucrt\string.h(90): note: 参见“strcat”的声明
     1>d:\c study\c项目\学生管理系统\学生管理系统\Student.h(58): warning C4996: 'fopen': This function or variable may be unsafe. Consider using fopen_s instead. To disable deprecation, use _CRT_SECURE_NO_WARNINGS. See online help for details.
         C:\Program Files (x86)\Windows Kits\10\Include\10.0.10150.0\ucrt\stdio.h(205): note: 参见“fopen”的声明
     1>d:\c study\c项目\学生管理系统\学生管理系统\Student.h(59): warning C4996: 'fopen': This function or variable may be unsafe. Consider using fopen_s instead. To disable deprecation, use _CRT_SECURE_NO_WARNINGS. See online help for details.
         C:\Program Files (x86)\Windows Kits\10\Include\10.0.10150.0\ucrt\stdio.h(205): note: 参见“fopen”的声明
     1>d:\c study\c项目\学生管理系统\学生管理系统\Student.h(160): warning C4996: 'strcpy': This function or variable may be unsafe. Consider using strcpy_s instead. To disable deprecation, use _CRT_SECURE_NO_WARNINGS. See online help for details.
         C:\Program Files (x86)\Windows Kits\10\Include\10.0.10150.0\ucrt\string.h(119): note: 参见“strcpy”的声明
     1>d:\c study\c项目\学生管理系统\学生管理系统\Student.h(161): warning C4996: 'strcpy': This function or variable may be unsafe. Consider using strcpy_s instead. To disable deprecation, use _CRT_SECURE_NO_WARNINGS. See online help for details.
         C:\Program Files (x86)\Windows Kits\10\Include\10.0.10150.0\ucrt\string.h(119): note: 参见“strcpy”的声明
     1>d:\c study\c项目\学生管理系统\学生管理系统\Student.h(162): warning C4996: 'strcpy': This function or variable may be unsafe. Consider using strcpy_s instead. To disable deprecation, use _CRT_SECURE_NO_WARNINGS. See online help for details.
         C:\Program Files (x86)\Windows Kits\10\Include\10.0.10150.0\ucrt\string.h(119): note: 参见“strcpy”的声明
     1>d:\c study\c项目\学生管理系统\学生管理系统\Student.h(163): warning C4996: 'strcpy': This function or variable may be unsafe. Consider using strcpy_s instead. To disable deprecation, use _CRT_SECURE_NO_WARNINGS. See online help for details.
         C:\Program Files (x86)\Windows Kits\10\Include\10.0.10150.0\ucrt\string.h(119): note: 参见“strcpy”的声明
     1>d:\c study\c项目\学生管理系统\学生管理系统\Student.h(164): warning C4996: 'strcpy': This function or variable may be unsafe. Consider using strcpy_s instead. To disable deprecation, use _CRT_SECURE_NO_WARNINGS. See online help for details.
         C:\Program Files (x86)\Windows Kits\10\Include\10.0.10150.0\ucrt\string.h(119): note: 参见“strcpy”的声明
     1>d:\c study\c项目\学生管理系统\学生管理系统\Student.h(165): warning C4996: 'strcpy': This function or variable may be unsafe. Consider using strcpy_s instead. To disable deprecation, use _CRT_SECURE_NO_WARNINGS. See online help for details.
         C:\Program Files (x86)\Windows Kits\10\Include\10.0.10150.0\ucrt\string.h(119): note: 参见“strcpy”的声明
     1>d:\c study\c项目\学生管理系统\学生管理系统\Student.h(166): warning C4996: 'strcpy': This function or variable may be unsafe. Consider using strcpy_s instead. To disable deprecation, use _CRT_SECURE_NO_WARNINGS. See online help for details.
         C:\Program Files (x86)\Windows Kits\10\Include\10.0.10150.0\ucrt\string.h(119): note: 参见“strcpy”的声明
     1>d:\c study\c项目\学生管理系统\学生管理系统\Student.h(167): warning C4996: 'strcpy': This function or variable may be unsafe. Consider using strcpy_s instead. To disable deprecation, use _CRT_SECURE_NO_WARNINGS. See online help for details.
         C:\Program Files (x86)\Windows Kits\10\Include\10.0.10150.0\ucrt\string.h(119): note: 参见“strcpy”的声明
     1>d:\c study\c项目\学生管理系统\学生管理系统\Student.h(168): warning C4996: 'strcpy': This function or variable may be unsafe. Consider using strcpy_s instead. To disable deprecation, use _CRT_SECURE_NO_WARNINGS. See online help for details.
         C:\Program Files (x86)\Windows Kits\10\Include\10.0.10150.0\ucrt\string.h(119): note: 参见“strcpy”的声明
     1>d:\c study\c项目\学生管理系统\学生管理系统\Student.h(131): warning C4996: 'fopen': This function or variable may be unsafe. Consider using fopen_s instead. To disable deprecation, use _CRT_SECURE_NO_WARNINGS. See online help for details.
         C:\Program Files (x86)\Windows Kits\10\Include\10.0.10150.0\ucrt\stdio.h(205): note: 参见“fopen”的声明
     1>d:\c study\c项目\学生管理系统\学生管理系统\Student.h(156): warning C4996: 'fscanf': This function or variable may be unsafe. Consider using fscanf_s instead. To disable deprecation, use _CRT_SECURE_NO_WARNINGS. See online help for details.
         C:\Program Files (x86)\Windows Kits\10\Include\10.0.10150.0\ucrt\stdio.h(1193): note: 参见“fscanf”的声明
     1>Hull.cpp(123): warning C4996: 'fopen': This function or variable may be unsafe. Consider using fopen_s instead. To disable deprecation, use _CRT_SECURE_NO_WARNINGS. See online help for details.
         C:\Program Files (x86)\Windows Kits\10\Include\10.0.10150.0\ucrt\stdio.h(205): note: 参见“fopen”的声明
       Link:
         D:\vs2015\VC\bin\link.exe /ERRORREPORT:PROMPT /OUT:"D:\c study\c项目\学生管理系统\Release\学生管理系统.exe" /INCREMENTAL:NO /NOLOGO kernel32.lib user32.lib gdi32.lib winspool.lib comdlg32.lib advapi32.lib shell32.lib ole32.lib oleaut32.lib uuid.lib odbc32.lib odbccp32.lib /MANIFEST /MANIFESTUAC:"level='asInvoker' uiAccess='false'" /manifest:embed /Debug /PDB:"D:\c study\c项目\学生管理系统\Release\学生管理系统.pdb" /SUBSYSTEM:CONSOLE /OPT:REF /OPT:ICF /LTCG:incremental /TLBID:1 /DYNAMICBASE /NXCOMPAT /IMPLIB:"D:\c study\c项目\学生管理系统\Release\学生管理系统.lib" /MACHINE:X86 /SAFESEH Release\Hull.obj
         正在生成代码
         All 38 functions were compiled because no usable IPDB/IOBJ from previous compilation was found.
         已完成代码的生成
         学生管理系统.vcxproj -> D:\c study\c项目\学生管理系统\Release\学生管理系统.exe
     1>已完成生成项目“D:\c study\c项目\学生管理系统\学生管理系统\学生管理系统.vcxproj”(Rebuild 个目标)的操作。

已成功生成。

已用时间 00:00:01.57
